!SESSION 2024-12-18 22:55:06.887 -----------------------------------------------
eclipse.buildId=unknown
java.version=21.0.2
java.vendor=Oracle Corporation
BootLoader constants: OS=linux, ARCH=x86_64, WS=gtk, NL=en_US
Command-line arguments:  -data /path/to/your/workspace

!ENTRY org.eclipse.osgi 4 0 2024-12-18 22:55:08.224
!MESSAGE An error occurred while automatically activating bundle org.eclipse.core.resources (29).
!STACK 0
org.osgi.framework.BundleException: Exception in org.eclipse.core.resources.ResourcesPlugin.start() of bundle org.eclipse.core.resources.
	at org.eclipse.osgi.internal.framework.BundleContextImpl.startActivator(BundleContextImpl.java:854)
	at org.eclipse.osgi.internal.framework.BundleContextImpl.start(BundleContextImpl.java:775)
	at org.eclipse.osgi.internal.framework.EquinoxBundle.startWorker0(EquinoxBundle.java:1057)
	at org.eclipse.osgi.internal.framework.EquinoxBundle$EquinoxModule.startWorker(EquinoxBundle.java:387)
	at org.eclipse.osgi.container.Module.doStart(Module.java:639)
	at org.eclipse.osgi.container.Module.start(Module.java:498)
	at org.eclipse.osgi.framework.util.SecureAction.start(SecureAction.java:528)
	at org.eclipse.osgi.internal.hooks.EclipseLazyStarter.postFindLocalClass(EclipseLazyStarter.java:122)
	at org.eclipse.osgi.internal.loader.classpath.ClasspathManager.findLocalClass(ClasspathManager.java:620)
	at org.eclipse.osgi.internal.loader.ModuleClassLoader.findLocalClass(ModuleClassLoader.java:348)
	at org.eclipse.osgi.internal.loader.BundleLoader.findLocalClass(BundleLoader.java:414)
	at org.eclipse.osgi.internal.loader.sources.SingleSourcePackage.loadClass(SingleSourcePackage.java:41)
	at org.eclipse.osgi.internal.loader.BundleLoader.findClass0(BundleLoader.java:516)
	at org.eclipse.osgi.internal.loader.BundleLoader.findClass(BundleLoader.java:434)
	at org.eclipse.osgi.internal.loader.ModuleClassLoader.loadClass(ModuleClassLoader.java:174)
	at java.base/java.lang.ClassLoader.loadClass(ClassLoader.java:526)
	at java.base/java.lang.Class.getDeclaredConstructors0(Native Method)
	at java.base/java.lang.Class.privateGetDeclaredConstructors(Class.java:3549)
	at java.base/java.lang.Class.getConstructor0(Class.java:3754)
	at java.base/java.lang.Class.getConstructor(Class.java:2442)
	at org.eclipse.osgi.internal.framework.BundleContextImpl.loadBundleActivator(BundleContextImpl.java:815)
	at org.eclipse.osgi.internal.framework.BundleContextImpl.start(BundleContextImpl.java:761)
	at org.eclipse.osgi.internal.framework.EquinoxBundle.startWorker0(EquinoxBundle.java:1057)
	at org.eclipse.osgi.internal.framework.EquinoxBundle$EquinoxModule.startWorker(EquinoxBundle.java:387)
	at org.eclipse.osgi.container.Module.doStart(Module.java:639)
	at org.eclipse.osgi.container.Module.start(Module.java:498)
	at org.eclipse.osgi.framework.util.SecureAction.start(SecureAction.java:528)
	at org.eclipse.osgi.internal.hooks.EclipseLazyStarter.postFindLocalClass(EclipseLazyStarter.java:122)
	at org.eclipse.osgi.internal.loader.classpath.ClasspathManager.findLocalClass(ClasspathManager.java:620)
	at org.eclipse.osgi.internal.loader.ModuleClassLoader.findLocalClass(ModuleClassLoader.java:348)
	at org.eclipse.osgi.internal.loader.BundleLoader.findLocalClass(BundleLoader.java:414)
	at org.eclipse.osgi.internal.loader.sources.SingleSourcePackage.loadClass(SingleSourcePackage.java:41)
	at org.eclipse.osgi.internal.loader.BundleLoader.findClass0(BundleLoader.java:516)
	at org.eclipse.osgi.internal.loader.BundleLoader.findClass(BundleLoader.java:434)
	at org.eclipse.osgi.internal.loader.ModuleClassLoader.loadClass(ModuleClassLoader.java:174)
	at java.base/java.lang.ClassLoader.loadClass(ClassLoader.java:526)
	at java.base/java.lang.Class.getDeclaredConstructors0(Native Method)
	at java.base/java.lang.Class.privateGetDeclaredConstructors(Class.java:3549)
	at java.base/java.lang.Class.getConstructor0(Class.java:3754)
	at java.base/java.lang.Class.getConstructor(Class.java:2442)
	at org.eclipse.osgi.internal.framework.BundleContextImpl.loadBundleActivator(BundleContextImpl.java:815)
	at org.eclipse.osgi.internal.framework.BundleContextImpl.start(BundleContextImpl.java:761)
	at org.eclipse.osgi.internal.framework.EquinoxBundle.startWorker0(EquinoxBundle.java:1057)
	at org.eclipse.osgi.internal.framework.EquinoxBundle$EquinoxModule.startWorker(EquinoxBundle.java:387)
	at org.eclipse.osgi.container.Module.doStart(Module.java:639)
	at org.eclipse.osgi.container.Module.start(Module.java:498)
	at org.eclipse.osgi.container.ModuleContainer$ContainerStartLevel$2.run(ModuleContainer.java:2074)
	at org.eclipse.osgi.internal.framework.EquinoxContainerAdaptor$1$1.execute(EquinoxContainerAdaptor.java:143)
	at org.eclipse.osgi.container.ModuleContainer$ContainerStartLevel.incStartLevel(ModuleContainer.java:2065)
	at org.eclipse.osgi.container.ModuleContainer$ContainerStartLevel.incStartLevel(ModuleContainer.java:2007)
	at org.eclipse.osgi.container.ModuleContainer$ContainerStartLevel.doContainerStartLevel(ModuleContainer.java:1968)
	at org.eclipse.osgi.container.ModuleContainer$ContainerStartLevel.dispatchEvent(ModuleContainer.java:1884)
	at org.eclipse.osgi.container.ModuleContainer$ContainerStartLevel.dispatchEvent(ModuleContainer.java:1)
	at org.eclipse.osgi.framework.eventmgr.EventManager.dispatchEvent(EventManager.java:230)
	at org.eclipse.osgi.framework.eventmgr.EventManager$EventThread.run(EventManager.java:341)
Caused by: java.lang.IllegalStateException: The platform metadata area could not be written: /path/to/your/workspace/.metadata.  By default the platform writes its content
under the current working directory when the platform is launched.  Use the -data parameter to
specify a different content area for the platform.
	at org.eclipse.core.internal.runtime.DataArea.assertLocationInitialized(DataArea.java:76)
	at org.eclipse.core.internal.runtime.DataArea.getStateLocation(DataArea.java:141)
	at org.eclipse.core.internal.runtime.InternalPlatform.getStateLocation(InternalPlatform.java:544)
	at org.eclipse.core.runtime.Plugin.getStateLocation(Plugin.java:275)
	at org.eclipse.core.internal.resources.LocalMetaArea.<init>(LocalMetaArea.java:75)
	at org.eclipse.core.internal.resources.Workspace.<init>(Workspace.java:371)
	at org.eclipse.core.resources.ResourcesPlugin$WorkspaceInitCustomizer.addingService(ResourcesPlugin.java:588)
	at org.eclipse.core.resources.ResourcesPlugin$WorkspaceInitCustomizer.addingService(ResourcesPlugin.java:1)
	at org.osgi.util.tracker.ServiceTracker$Tracked.customizerAdding(ServiceTracker.java:947)
	at org.osgi.util.tracker.ServiceTracker$Tracked.customizerAdding(ServiceTracker.java:1)
	at org.osgi.util.tracker.AbstractTracked.trackAdding(AbstractTracked.java:257)
	at org.osgi.util.tracker.AbstractTracked.trackInitial(AbstractTracked.java:184)
	at org.osgi.util.tracker.ServiceTracker.open(ServiceTracker.java:324)
	at org.osgi.util.tracker.ServiceTracker.open(ServiceTracker.java:267)
	at org.eclipse.core.resources.ResourcesPlugin.start(ResourcesPlugin.java:565)
	at org.eclipse.osgi.internal.framework.BundleContextImpl$2.run(BundleContextImpl.java:833)
	at org.eclipse.osgi.internal.framework.BundleContextImpl$2.run(BundleContextImpl.java:1)
	at java.base/java.security.AccessController.doPrivileged(AccessController.java:571)
	at org.eclipse.osgi.internal.framework.BundleContextImpl.startActivator(BundleContextImpl.java:825)
	... 54 more
Root exception:
java.lang.IllegalStateException: The platform metadata area could not be written: /path/to/your/workspace/.metadata.  By default the platform writes its content
under the current working directory when the platform is launched.  Use the -data parameter to
specify a different content area for the platform.
	at org.eclipse.core.internal.runtime.DataArea.assertLocationInitialized(DataArea.java:76)
	at org.eclipse.core.internal.runtime.DataArea.getStateLocation(DataArea.java:141)
	at org.eclipse.core.internal.runtime.InternalPlatform.getStateLocation(InternalPlatform.java:544)
	at org.eclipse.core.runtime.Plugin.getStateLocation(Plugin.java:275)
	at org.eclipse.core.internal.resources.LocalMetaArea.<init>(LocalMetaArea.java:75)
	at org.eclipse.core.internal.resources.Workspace.<init>(Workspace.java:371)
	at org.eclipse.core.resources.ResourcesPlugin$WorkspaceInitCustomizer.addingService(ResourcesPlugin.java:588)
	at org.eclipse.core.resources.ResourcesPlugin$WorkspaceInitCustomizer.addingService(ResourcesPlugin.java:1)
	at org.osgi.util.tracker.ServiceTracker$Tracked.customizerAdding(ServiceTracker.java:947)
	at org.osgi.util.tracker.ServiceTracker$Tracked.customizerAdding(ServiceTracker.java:1)
	at org.osgi.util.tracker.AbstractTracked.trackAdding(AbstractTracked.java:257)
	at org.osgi.util.tracker.AbstractTracked.trackInitial(AbstractTracked.java:184)
	at org.osgi.util.tracker.ServiceTracker.open(ServiceTracker.java:324)
	at org.osgi.util.tracker.ServiceTracker.open(ServiceTracker.java:267)
	at org.eclipse.core.resources.ResourcesPlugin.start(ResourcesPlugin.java:565)
	at org.eclipse.osgi.internal.framework.BundleContextImpl$2.run(BundleContextImpl.java:833)
	at org.eclipse.osgi.internal.framework.BundleContextImpl$2.run(BundleContextImpl.java:1)
	at java.base/java.security.AccessController.doPrivileged(AccessController.java:571)
	at org.eclipse.osgi.internal.framework.BundleContextImpl.startActivator(BundleContextImpl.java:825)
	at org.eclipse.osgi.internal.framework.BundleContextImpl.start(BundleContextImpl.java:775)
	at org.eclipse.osgi.internal.framework.EquinoxBundle.startWorker0(EquinoxBundle.java:1057)
	at org.eclipse.osgi.internal.framework.EquinoxBundle$EquinoxModule.startWorker(EquinoxBundle.java:387)
	at org.eclipse.osgi.container.Module.doStart(Module.java:639)
	at org.eclipse.osgi.container.Module.start(Module.java:498)
	at org.eclipse.osgi.framework.util.SecureAction.start(SecureAction.java:528)
	at org.eclipse.osgi.internal.hooks.EclipseLazyStarter.postFindLocalClass(EclipseLazyStarter.java:122)
	at org.eclipse.osgi.internal.loader.classpath.ClasspathManager.findLocalClass(ClasspathManager.java:620)
	at org.eclipse.osgi.internal.loader.ModuleClassLoader.findLocalClass(ModuleClassLoader.java:348)
	at org.eclipse.osgi.internal.loader.BundleLoader.findLocalClass(BundleLoader.java:414)
	at org.eclipse.osgi.internal.loader.sources.SingleSourcePackage.loadClass(SingleSourcePackage.java:41)
	at org.eclipse.osgi.internal.loader.BundleLoader.findClass0(BundleLoader.java:516)
	at org.eclipse.osgi.internal.loader.BundleLoader.findClass(BundleLoader.java:434)
	at org.eclipse.osgi.internal.loader.ModuleClassLoader.loadClass(ModuleClassLoader.java:174)
	at java.base/java.lang.ClassLoader.loadClass(ClassLoader.java:526)
	at java.base/java.lang.Class.getDeclaredConstructors0(Native Method)
	at java.base/java.lang.Class.privateGetDeclaredConstructors(Class.java:3549)
	at java.base/java.lang.Class.getConstructor0(Class.java:3754)
	at java.base/java.lang.Class.getConstructor(Class.java:2442)
	at org.eclipse.osgi.internal.framework.BundleContextImpl.loadBundleActivator(BundleContextImpl.java:815)
	at org.eclipse.osgi.internal.framework.BundleContextImpl.start(BundleContextImpl.java:761)
	at org.eclipse.osgi.internal.framework.EquinoxBundle.startWorker0(EquinoxBundle.java:1057)
	at org.eclipse.osgi.internal.framework.EquinoxBundle$EquinoxModule.startWorker(EquinoxBundle.java:387)
	at org.eclipse.osgi.container.Module.doStart(Module.java:639)
	at org.eclipse.osgi.container.Module.start(Module.java:498)
	at org.eclipse.osgi.framework.util.SecureAction.start(SecureAction.java:528)
	at org.eclipse.osgi.internal.hooks.EclipseLazyStarter.postFindLocalClass(EclipseLazyStarter.java:122)
	at org.eclipse.osgi.internal.loader.classpath.ClasspathManager.findLocalClass(ClasspathManager.java:620)
	at org.eclipse.osgi.internal.loader.ModuleClassLoader.findLocalClass(ModuleClassLoader.java:348)
	at org.eclipse.osgi.internal.loader.BundleLoader.findLocalClass(BundleLoader.java:414)
	at org.eclipse.osgi.internal.loader.sources.SingleSourcePackage.loadClass(SingleSourcePackage.java:41)
	at org.eclipse.osgi.internal.loader.BundleLoader.findClass0(BundleLoader.java:516)
	at org.eclipse.osgi.internal.loader.BundleLoader.findClass(BundleLoader.java:434)
	at org.eclipse.osgi.internal.loader.ModuleClassLoader.loadClass(ModuleClassLoader.java:174)
	at java.base/java.lang.ClassLoader.loadClass(ClassLoader.java:526)
	at java.base/java.lang.Class.getDeclaredConstructors0(Native Method)
	at java.base/java.lang.Class.privateGetDeclaredConstructors(Class.java:3549)
	at java.base/java.lang.Class.getConstructor0(Class.java:3754)
	at java.base/java.lang.Class.getConstructor(Class.java:2442)
	at org.eclipse.osgi.internal.framework.BundleContextImpl.loadBundleActivator(BundleContextImpl.java:815)
	at org.eclipse.osgi.internal.framework.BundleContextImpl.start(BundleContextImpl.java:761)
	at org.eclipse.osgi.internal.framework.EquinoxBundle.startWorker0(EquinoxBundle.java:1057)
	at org.eclipse.osgi.internal.framework.EquinoxBundle$EquinoxModule.startWorker(EquinoxBundle.java:387)
	at org.eclipse.osgi.container.Module.doStart(Module.java:639)
	at org.eclipse.osgi.container.Module.start(Module.java:498)
	at org.eclipse.osgi.container.ModuleContainer$ContainerStartLevel$2.run(ModuleContainer.java:2074)
	at org.eclipse.osgi.internal.framework.EquinoxContainerAdaptor$1$1.execute(EquinoxContainerAdaptor.java:143)
	at org.eclipse.osgi.container.ModuleContainer$ContainerStartLevel.incStartLevel(ModuleContainer.java:2065)
	at org.eclipse.osgi.container.ModuleContainer$ContainerStartLevel.incStartLevel(ModuleContainer.java:2007)
	at org.eclipse.osgi.container.ModuleContainer$ContainerStartLevel.doContainerStartLevel(ModuleContainer.java:1968)
	at org.eclipse.osgi.container.ModuleContainer$ContainerStartLevel.dispatchEvent(ModuleContainer.java:1884)
	at org.eclipse.osgi.container.ModuleContainer$ContainerStartLevel.dispatchEvent(ModuleContainer.java:1)
	at org.eclipse.osgi.framework.eventmgr.EventManager.dispatchEvent(EventManager.java:230)
	at org.eclipse.osgi.framework.eventmgr.EventManager$EventThread.run(EventManager.java:341)

!ENTRY org.eclipse.osgi 4 0 2024-12-18 22:55:08.228
!MESSAGE An error occurred while automatically activating bundle org.eclipse.jdt.core (48).
!STACK 0
org.osgi.framework.BundleException: Error starting module. osgi.identity; type="osgi.bundle"; version:Version="3.39.0.v20240807-1632"; osgi.identity="org.eclipse.jdt.core"; singleton:="true" [id=48]
	at org.eclipse.osgi.container.Module.doStart(Module.java:648)
	at org.eclipse.osgi.container.Module.start(Module.java:498)
	at org.eclipse.osgi.framework.util.SecureAction.start(SecureAction.java:528)
	at org.eclipse.osgi.internal.hooks.EclipseLazyStarter.postFindLocalClass(EclipseLazyStarter.java:122)
	at org.eclipse.osgi.internal.loader.classpath.ClasspathManager.findLocalClass(ClasspathManager.java:620)
	at org.eclipse.osgi.internal.loader.ModuleClassLoader.findLocalClass(ModuleClassLoader.java:348)
	at org.eclipse.osgi.internal.loader.BundleLoader.findLocalClass(BundleLoader.java:414)
	at org.eclipse.osgi.internal.loader.sources.SingleSourcePackage.loadClass(SingleSourcePackage.java:41)
	at org.eclipse.osgi.internal.loader.BundleLoader.findClass0(BundleLoader.java:516)
	at org.eclipse.osgi.internal.loader.BundleLoader.findClass(BundleLoader.java:434)
	at org.eclipse.osgi.internal.loader.ModuleClassLoader.loadClass(ModuleClassLoader.java:174)
	at java.base/java.lang.ClassLoader.loadClass(ClassLoader.java:526)
	at java.base/java.lang.Class.getDeclaredConstructors0(Native Method)
	at java.base/java.lang.Class.privateGetDeclaredConstructors(Class.java:3549)
	at java.base/java.lang.Class.getConstructor0(Class.java:3754)
	at java.base/java.lang.Class.getConstructor(Class.java:2442)
	at org.eclipse.osgi.internal.framework.BundleContextImpl.loadBundleActivator(BundleContextImpl.java:815)
	at org.eclipse.osgi.internal.framework.BundleContextImpl.start(BundleContextImpl.java:761)
	at org.eclipse.osgi.internal.framework.EquinoxBundle.startWorker0(EquinoxBundle.java:1057)
	at org.eclipse.osgi.internal.framework.EquinoxBundle$EquinoxModule.startWorker(EquinoxBundle.java:387)
	at org.eclipse.osgi.container.Module.doStart(Module.java:639)
	at org.eclipse.osgi.container.Module.start(Module.java:498)
	at org.eclipse.osgi.container.ModuleContainer$ContainerStartLevel$2.run(ModuleContainer.java:2074)
	at org.eclipse.osgi.internal.framework.EquinoxContainerAdaptor$1$1.execute(EquinoxContainerAdaptor.java:143)
	at org.eclipse.osgi.container.ModuleContainer$ContainerStartLevel.incStartLevel(ModuleContainer.java:2065)
	at org.eclipse.osgi.container.ModuleContainer$ContainerStartLevel.incStartLevel(ModuleContainer.java:2007)
	at org.eclipse.osgi.container.ModuleContainer$ContainerStartLevel.doContainerStartLevel(ModuleContainer.java:1968)
	at org.eclipse.osgi.container.ModuleContainer$ContainerStartLevel.dispatchEvent(ModuleContainer.java:1884)
	at org.eclipse.osgi.container.ModuleContainer$ContainerStartLevel.dispatchEvent(ModuleContainer.java:1)
	at org.eclipse.osgi.framework.eventmgr.EventManager.dispatchEvent(EventManager.java:230)
	at org.eclipse.osgi.framework.eventmgr.EventManager$EventThread.run(EventManager.java:341)
Caused by: java.lang.NoClassDefFoundError: org/eclipse/core/resources/IWorkspaceRunnable
	at java.base/java.lang.Class.getDeclaredConstructors0(Native Method)
	at java.base/java.lang.Class.privateGetDeclaredConstructors(Class.java:3549)
	at java.base/java.lang.Class.getConstructor0(Class.java:3754)
	at java.base/java.lang.Class.getConstructor(Class.java:2442)
	at org.eclipse.osgi.internal.framework.BundleContextImpl.loadBundleActivator(BundleContextImpl.java:815)
	at org.eclipse.osgi.internal.framework.BundleContextImpl.start(BundleContextImpl.java:761)
	at org.eclipse.osgi.internal.framework.EquinoxBundle.startWorker0(EquinoxBundle.java:1057)
	at org.eclipse.osgi.internal.framework.EquinoxBundle$EquinoxModule.startWorker(EquinoxBundle.java:387)
	at org.eclipse.osgi.container.Module.doStart(Module.java:639)
	... 30 more
Caused by: java.lang.ClassNotFoundException: An error occurred while automatically activating bundle org.eclipse.core.resources (29).
	at org.eclipse.osgi.internal.hooks.EclipseLazyStarter.postFindLocalClass(EclipseLazyStarter.java:134)
	at org.eclipse.osgi.internal.loader.classpath.ClasspathManager.findLocalClass(ClasspathManager.java:620)
	at org.eclipse.osgi.internal.loader.ModuleClassLoader.findLocalClass(ModuleClassLoader.java:348)
	at org.eclipse.osgi.internal.loader.BundleLoader.findLocalClass(BundleLoader.java:414)
	at org.eclipse.osgi.internal.loader.sources.SingleSourcePackage.loadClass(SingleSourcePackage.java:41)
	at org.eclipse.osgi.internal.loader.BundleLoader.findClass0(BundleLoader.java:516)
	at org.eclipse.osgi.internal.loader.BundleLoader.findClass(BundleLoader.java:434)
	at org.eclipse.osgi.internal.loader.ModuleClassLoader.loadClass(ModuleClassLoader.java:174)
	at java.base/java.lang.ClassLoader.loadClass(ClassLoader.java:526)
	... 39 more
Caused by: org.osgi.framework.BundleException: Exception in org.eclipse.core.resources.ResourcesPlugin.start() of bundle org.eclipse.core.resources.
	at org.eclipse.osgi.internal.framework.BundleContextImpl.startActivator(BundleContextImpl.java:854)
	at org.eclipse.osgi.internal.framework.BundleContextImpl.start(BundleContextImpl.java:775)
	at org.eclipse.osgi.internal.framework.EquinoxBundle.startWorker0(EquinoxBundle.java:1057)
	at org.eclipse.osgi.internal.framework.EquinoxBundle$EquinoxModule.startWorker(EquinoxBundle.java:387)
	at org.eclipse.osgi.container.Module.doStart(Module.java:639)
	at org.eclipse.osgi.container.Module.start(Module.java:498)
	at org.eclipse.osgi.framework.util.SecureAction.start(SecureAction.java:528)
	at org.eclipse.osgi.internal.hooks.EclipseLazyStarter.postFindLocalClass(EclipseLazyStarter.java:122)
	... 47 more
Caused by: java.lang.IllegalStateException: The platform metadata area could not be written: /path/to/your/workspace/.metadata.  By default the platform writes its content
under the current working directory when the platform is launched.  Use the -data parameter to
specify a different content area for the platform.
	at org.eclipse.core.internal.runtime.DataArea.assertLocationInitialized(DataArea.java:76)
	at org.eclipse.core.internal.runtime.DataArea.getStateLocation(DataArea.java:141)
	at org.eclipse.core.internal.runtime.InternalPlatform.getStateLocation(InternalPlatform.java:544)
	at org.eclipse.core.runtime.Plugin.getStateLocation(Plugin.java:275)
	at org.eclipse.core.internal.resources.LocalMetaArea.<init>(LocalMetaArea.java:75)
	at org.eclipse.core.internal.resources.Workspace.<init>(Workspace.java:371)
	at org.eclipse.core.resources.ResourcesPlugin$WorkspaceInitCustomizer.addingService(ResourcesPlugin.java:588)
	at org.eclipse.core.resources.ResourcesPlugin$WorkspaceInitCustomizer.addingService(ResourcesPlugin.java:1)
	at org.osgi.util.tracker.ServiceTracker$Tracked.customizerAdding(ServiceTracker.java:947)
	at org.osgi.util.tracker.ServiceTracker$Tracked.customizerAdding(ServiceTracker.java:1)
	at org.osgi.util.tracker.AbstractTracked.trackAdding(AbstractTracked.java:257)
	at org.osgi.util.tracker.AbstractTracked.trackInitial(AbstractTracked.java:184)
	at org.osgi.util.tracker.ServiceTracker.open(ServiceTracker.java:324)
	at org.osgi.util.tracker.ServiceTracker.open(ServiceTracker.java:267)
	at org.eclipse.core.resources.ResourcesPlugin.start(ResourcesPlugin.java:565)
	at org.eclipse.osgi.internal.framework.BundleContextImpl$2.run(BundleContextImpl.java:833)
	at org.eclipse.osgi.internal.framework.BundleContextImpl$2.run(BundleContextImpl.java:1)
	at java.base/java.security.AccessController.doPrivileged(AccessController.java:571)
	at org.eclipse.osgi.internal.framework.BundleContextImpl.startActivator(BundleContextImpl.java:825)
	... 54 more
Root exception:
java.lang.NoClassDefFoundError: org/eclipse/core/resources/IWorkspaceRunnable
	at java.base/java.lang.Class.getDeclaredConstructors0(Native Method)
	at java.base/java.lang.Class.privateGetDeclaredConstructors(Class.java:3549)
	at java.base/java.lang.Class.getConstructor0(Class.java:3754)
	at java.base/java.lang.Class.getConstructor(Class.java:2442)
	at org.eclipse.osgi.internal.framework.BundleContextImpl.loadBundleActivator(BundleContextImpl.java:815)
	at org.eclipse.osgi.internal.framework.BundleContextImpl.start(BundleContextImpl.java:761)
	at org.eclipse.osgi.internal.framework.EquinoxBundle.startWorker0(EquinoxBundle.java:1057)
	at org.eclipse.osgi.internal.framework.EquinoxBundle$EquinoxModule.startWorker(EquinoxBundle.java:387)
	at org.eclipse.osgi.container.Module.doStart(Module.java:639)
	at org.eclipse.osgi.container.Module.start(Module.java:498)
	at org.eclipse.osgi.framework.util.SecureAction.start(SecureAction.java:528)
	at org.eclipse.osgi.internal.hooks.EclipseLazyStarter.postFindLocalClass(EclipseLazyStarter.java:122)
	at org.eclipse.osgi.internal.loader.classpath.ClasspathManager.findLocalClass(ClasspathManager.java:620)
	at org.eclipse.osgi.internal.loader.ModuleClassLoader.findLocalClass(ModuleClassLoader.java:348)
	at org.eclipse.osgi.internal.loader.BundleLoader.findLocalClass(BundleLoader.java:414)
	at org.eclipse.osgi.internal.loader.sources.SingleSourcePackage.loadClass(SingleSourcePackage.java:41)
	at org.eclipse.osgi.internal.loader.BundleLoader.findClass0(BundleLoader.java:516)
	at org.eclipse.osgi.internal.loader.BundleLoader.findClass(BundleLoader.java:434)
	at org.eclipse.osgi.internal.loader.ModuleClassLoader.loadClass(ModuleClassLoader.java:174)
	at java.base/java.lang.ClassLoader.loadClass(ClassLoader.java:526)
	at java.base/java.lang.Class.getDeclaredConstructors0(Native Method)
	at java.base/java.lang.Class.privateGetDeclaredConstructors(Class.java:3549)
	at java.base/java.lang.Class.getConstructor0(Class.java:3754)
	at java.base/java.lang.Class.getConstructor(Class.java:2442)
	at org.eclipse.osgi.internal.framework.BundleContextImpl.loadBundleActivator(BundleContextImpl.java:815)
	at org.eclipse.osgi.internal.framework.BundleContextImpl.start(BundleContextImpl.java:761)
	at org.eclipse.osgi.internal.framework.EquinoxBundle.startWorker0(EquinoxBundle.java:1057)
	at org.eclipse.osgi.internal.framework.EquinoxBundle$EquinoxModule.startWorker(EquinoxBundle.java:387)
	at org.eclipse.osgi.container.Module.doStart(Module.java:639)
	at org.eclipse.osgi.container.Module.start(Module.java:498)
	at org.eclipse.osgi.container.ModuleContainer$ContainerStartLevel$2.run(ModuleContainer.java:2074)
	at org.eclipse.osgi.internal.framework.EquinoxContainerAdaptor$1$1.execute(EquinoxContainerAdaptor.java:143)
	at org.eclipse.osgi.container.ModuleContainer$ContainerStartLevel.incStartLevel(ModuleContainer.java:2065)
	at org.eclipse.osgi.container.ModuleContainer$ContainerStartLevel.incStartLevel(ModuleContainer.java:2007)
	at org.eclipse.osgi.container.ModuleContainer$ContainerStartLevel.doContainerStartLevel(ModuleContainer.java:1968)
	at org.eclipse.osgi.container.ModuleContainer$ContainerStartLevel.dispatchEvent(ModuleContainer.java:1884)
	at org.eclipse.osgi.container.ModuleContainer$ContainerStartLevel.dispatchEvent(ModuleContainer.java:1)
	at org.eclipse.osgi.framework.eventmgr.EventManager.dispatchEvent(EventManager.java:230)
	at org.eclipse.osgi.framework.eventmgr.EventManager$EventThread.run(EventManager.java:341)
Caused by: java.lang.ClassNotFoundException: An error occurred while automatically activating bundle org.eclipse.core.resources (29).
	at org.eclipse.osgi.internal.hooks.EclipseLazyStarter.postFindLocalClass(EclipseLazyStarter.java:134)
	at org.eclipse.osgi.internal.loader.classpath.ClasspathManager.findLocalClass(ClasspathManager.java:620)
	at org.eclipse.osgi.internal.loader.ModuleClassLoader.findLocalClass(ModuleClassLoader.java:348)
	at org.eclipse.osgi.internal.loader.BundleLoader.findLocalClass(BundleLoader.java:414)
	at org.eclipse.osgi.internal.loader.sources.SingleSourcePackage.loadClass(SingleSourcePackage.java:41)
	at org.eclipse.osgi.internal.loader.BundleLoader.findClass0(BundleLoader.java:516)
	at org.eclipse.osgi.internal.loader.BundleLoader.findClass(BundleLoader.java:434)
	at org.eclipse.osgi.internal.loader.ModuleClassLoader.loadClass(ModuleClassLoader.java:174)
	at java.base/java.lang.ClassLoader.loadClass(ClassLoader.java:526)
	... 39 more
Caused by: org.osgi.framework.BundleException: Exception in org.eclipse.core.resources.ResourcesPlugin.start() of bundle org.eclipse.core.resources.
	at org.eclipse.osgi.internal.framework.BundleContextImpl.startActivator(BundleContextImpl.java:854)
	at org.eclipse.osgi.internal.framework.BundleContextImpl.start(BundleContextImpl.java:775)
	at org.eclipse.osgi.internal.framework.EquinoxBundle.startWorker0(EquinoxBundle.java:1057)
	at org.eclipse.osgi.internal.framework.EquinoxBundle$EquinoxModule.startWorker(EquinoxBundle.java:387)
	at org.eclipse.osgi.container.Module.doStart(Module.java:639)
	at org.eclipse.osgi.container.Module.start(Module.java:498)
	at org.eclipse.osgi.framework.util.SecureAction.start(SecureAction.java:528)
	at org.eclipse.osgi.internal.hooks.EclipseLazyStarter.postFindLocalClass(EclipseLazyStarter.java:122)
	... 47 more
Caused by: java.lang.IllegalStateException: The platform metadata area could not be written: /path/to/your/workspace/.metadata.  By default the platform writes its content
under the current working directory when the platform is launched.  Use the -data parameter to
specify a different content area for the platform.
	at org.eclipse.core.internal.runtime.DataArea.assertLocationInitialized(DataArea.java:76)
	at org.eclipse.core.internal.runtime.DataArea.getStateLocation(DataArea.java:141)
	at org.eclipse.core.internal.runtime.InternalPlatform.getStateLocation(InternalPlatform.java:544)
	at org.eclipse.core.runtime.Plugin.getStateLocation(Plugin.java:275)
	at org.eclipse.core.internal.resources.LocalMetaArea.<init>(LocalMetaArea.java:75)
	at org.eclipse.core.internal.resources.Workspace.<init>(Workspace.java:371)
	at org.eclipse.core.resources.ResourcesPlugin$WorkspaceInitCustomizer.addingService(ResourcesPlugin.java:588)
	at org.eclipse.core.resources.ResourcesPlugin$WorkspaceInitCustomizer.addingService(ResourcesPlugin.java:1)
	at org.osgi.util.tracker.ServiceTracker$Tracked.customizerAdding(ServiceTracker.java:947)
	at org.osgi.util.tracker.ServiceTracker$Tracked.customizerAdding(ServiceTracker.java:1)
	at org.osgi.util.tracker.AbstractTracked.trackAdding(AbstractTracked.java:257)
	at org.osgi.util.tracker.AbstractTracked.trackInitial(AbstractTracked.java:184)
	at org.osgi.util.tracker.ServiceTracker.open(ServiceTracker.java:324)
	at org.osgi.util.tracker.ServiceTracker.open(ServiceTracker.java:267)
	at org.eclipse.core.resources.ResourcesPlugin.start(ResourcesPlugin.java:565)
	at org.eclipse.osgi.internal.framework.BundleContextImpl$2.run(BundleContextImpl.java:833)
	at org.eclipse.osgi.internal.framework.BundleContextImpl$2.run(BundleContextImpl.java:1)
	at java.base/java.security.AccessController.doPrivileged(AccessController.java:571)
	at org.eclipse.osgi.internal.framework.BundleContextImpl.startActivator(BundleContextImpl.java:825)
	... 54 more

!ENTRY org.eclipse.jdt.ls.core 4 0 2024-12-18 22:55:08.231
!MESSAGE FrameworkEvent ERROR
!STACK 0
org.osgi.framework.BundleException: Error starting module. osgi.identity; type="osgi.bundle"; version:Version="1.39.0.202408291433"; osgi.identity="org.eclipse.jdt.ls.core"; singleton:="true" [id=55]
	at org.eclipse.osgi.container.Module.doStart(Module.java:648)
	at org.eclipse.osgi.container.Module.start(Module.java:498)
	at org.eclipse.osgi.container.ModuleContainer$ContainerStartLevel$2.run(ModuleContainer.java:2074)
	at org.eclipse.osgi.internal.framework.EquinoxContainerAdaptor$1$1.execute(EquinoxContainerAdaptor.java:143)
	at org.eclipse.osgi.container.ModuleContainer$ContainerStartLevel.incStartLevel(ModuleContainer.java:2065)
	at org.eclipse.osgi.container.ModuleContainer$ContainerStartLevel.incStartLevel(ModuleContainer.java:2007)
	at org.eclipse.osgi.container.ModuleContainer$ContainerStartLevel.doContainerStartLevel(ModuleContainer.java:1968)
	at org.eclipse.osgi.container.ModuleContainer$ContainerStartLevel.dispatchEvent(ModuleContainer.java:1884)
	at org.eclipse.osgi.container.ModuleContainer$ContainerStartLevel.dispatchEvent(ModuleContainer.java:1)
	at org.eclipse.osgi.framework.eventmgr.EventManager.dispatchEvent(EventManager.java:230)
	at org.eclipse.osgi.framework.eventmgr.EventManager$EventThread.run(EventManager.java:341)
Caused by: java.lang.NoClassDefFoundError: org/eclipse/jdt/core/WorkingCopyOwner
	at java.base/java.lang.Class.getDeclaredConstructors0(Native Method)
	at java.base/java.lang.Class.privateGetDeclaredConstructors(Class.java:3549)
	at java.base/java.lang.Class.getConstructor0(Class.java:3754)
	at java.base/java.lang.Class.getConstructor(Class.java:2442)
	at org.eclipse.osgi.internal.framework.BundleContextImpl.loadBundleActivator(BundleContextImpl.java:815)
	at org.eclipse.osgi.internal.framework.BundleContextImpl.start(BundleContextImpl.java:761)
	at org.eclipse.osgi.internal.framework.EquinoxBundle.startWorker0(EquinoxBundle.java:1057)
	at org.eclipse.osgi.internal.framework.EquinoxBundle$EquinoxModule.startWorker(EquinoxBundle.java:387)
	at org.eclipse.osgi.container.Module.doStart(Module.java:639)
	... 10 more
Caused by: java.lang.ClassNotFoundException: An error occurred while automatically activating bundle org.eclipse.jdt.core (48).
	at org.eclipse.osgi.internal.hooks.EclipseLazyStarter.postFindLocalClass(EclipseLazyStarter.java:134)
	at org.eclipse.osgi.internal.loader.classpath.ClasspathManager.findLocalClass(ClasspathManager.java:620)
	at org.eclipse.osgi.internal.loader.ModuleClassLoader.findLocalClass(ModuleClassLoader.java:348)
	at org.eclipse.osgi.internal.loader.BundleLoader.findLocalClass(BundleLoader.java:414)
	at org.eclipse.osgi.internal.loader.sources.SingleSourcePackage.loadClass(SingleSourcePackage.java:41)
	at org.eclipse.osgi.internal.loader.BundleLoader.findClass0(BundleLoader.java:516)
	at org.eclipse.osgi.internal.loader.BundleLoader.findClass(BundleLoader.java:434)
	at org.eclipse.osgi.internal.loader.ModuleClassLoader.loadClass(ModuleClassLoader.java:174)
	at java.base/java.lang.ClassLoader.loadClass(ClassLoader.java:526)
	... 19 more
Caused by: org.osgi.framework.BundleException: Error starting module. osgi.identity; type="osgi.bundle"; version:Version="3.39.0.v20240807-1632"; osgi.identity="org.eclipse.jdt.core"; singleton:="true" [id=48]
	at org.eclipse.osgi.container.Module.doStart(Module.java:648)
	at org.eclipse.osgi.container.Module.start(Module.java:498)
	at org.eclipse.osgi.framework.util.SecureAction.start(SecureAction.java:528)
	at org.eclipse.osgi.internal.hooks.EclipseLazyStarter.postFindLocalClass(EclipseLazyStarter.java:122)
	... 27 more
Caused by: java.lang.NoClassDefFoundError: org/eclipse/core/resources/IWorkspaceRunnable
	at java.base/java.lang.Class.getDeclaredConstructors0(Native Method)
	at java.base/java.lang.Class.privateGetDeclaredConstructors(Class.java:3549)
	at java.base/java.lang.Class.getConstructor0(Class.java:3754)
	at java.base/java.lang.Class.getConstructor(Class.java:2442)
	at org.eclipse.osgi.internal.framework.BundleContextImpl.loadBundleActivator(BundleContextImpl.java:815)
	at org.eclipse.osgi.internal.framework.BundleContextImpl.start(BundleContextImpl.java:761)
	at org.eclipse.osgi.internal.framework.EquinoxBundle.startWorker0(EquinoxBundle.java:1057)
	at org.eclipse.osgi.internal.framework.EquinoxBundle$EquinoxModule.startWorker(EquinoxBundle.java:387)
	at org.eclipse.osgi.container.Module.doStart(Module.java:639)
	... 30 more
Caused by: java.lang.ClassNotFoundException: An error occurred while automatically activating bundle org.eclipse.core.resources (29).
	at org.eclipse.osgi.internal.hooks.EclipseLazyStarter.postFindLocalClass(EclipseLazyStarter.java:134)
	at org.eclipse.osgi.internal.loader.classpath.ClasspathManager.findLocalClass(ClasspathManager.java:620)
	at org.eclipse.osgi.internal.loader.ModuleClassLoader.findLocalClass(ModuleClassLoader.java:348)
	at org.eclipse.osgi.internal.loader.BundleLoader.findLocalClass(BundleLoader.java:414)
	at org.eclipse.osgi.internal.loader.sources.SingleSourcePackage.loadClass(SingleSourcePackage.java:41)
	at org.eclipse.osgi.internal.loader.BundleLoader.findClass0(BundleLoader.java:516)
	at org.eclipse.osgi.internal.loader.BundleLoader.findClass(BundleLoader.java:434)
	at org.eclipse.osgi.internal.loader.ModuleClassLoader.loadClass(ModuleClassLoader.java:174)
	at java.base/java.lang.ClassLoader.loadClass(ClassLoader.java:526)
	... 39 more
Caused by: org.osgi.framework.BundleException: Exception in org.eclipse.core.resources.ResourcesPlugin.start() of bundle org.eclipse.core.resources.
	at org.eclipse.osgi.internal.framework.BundleContextImpl.startActivator(BundleContextImpl.java:854)
	at org.eclipse.osgi.internal.framework.BundleContextImpl.start(BundleContextImpl.java:775)
	at org.eclipse.osgi.internal.framework.EquinoxBundle.startWorker0(EquinoxBundle.java:1057)
	at org.eclipse.osgi.internal.framework.EquinoxBundle$EquinoxModule.startWorker(EquinoxBundle.java:387)
	at org.eclipse.osgi.container.Module.doStart(Module.java:639)
	at org.eclipse.osgi.container.Module.start(Module.java:498)
	at org.eclipse.osgi.framework.util.SecureAction.start(SecureAction.java:528)
	at org.eclipse.osgi.internal.hooks.EclipseLazyStarter.postFindLocalClass(EclipseLazyStarter.java:122)
	... 47 more
Caused by: java.lang.IllegalStateException: The platform metadata area could not be written: /path/to/your/workspace/.metadata.  By default the platform writes its content
under the current working directory when the platform is launched.  Use the -data parameter to
specify a different content area for the platform.
	at org.eclipse.core.internal.runtime.DataArea.assertLocationInitialized(DataArea.java:76)
	at org.eclipse.core.internal.runtime.DataArea.getStateLocation(DataArea.java:141)
	at org.eclipse.core.internal.runtime.InternalPlatform.getStateLocation(InternalPlatform.java:544)
	at org.eclipse.core.runtime.Plugin.getStateLocation(Plugin.java:275)
	at org.eclipse.core.internal.resources.LocalMetaArea.<init>(LocalMetaArea.java:75)
	at org.eclipse.core.internal.resources.Workspace.<init>(Workspace.java:371)
	at org.eclipse.core.resources.ResourcesPlugin$WorkspaceInitCustomizer.addingService(ResourcesPlugin.java:588)
	at org.eclipse.core.resources.ResourcesPlugin$WorkspaceInitCustomizer.addingService(ResourcesPlugin.java:1)
	at org.osgi.util.tracker.ServiceTracker$Tracked.customizerAdding(ServiceTracker.java:947)
	at org.osgi.util.tracker.ServiceTracker$Tracked.customizerAdding(ServiceTracker.java:1)
	at org.osgi.util.tracker.AbstractTracked.trackAdding(AbstractTracked.java:257)
	at org.osgi.util.tracker.AbstractTracked.trackInitial(AbstractTracked.java:184)
	at org.osgi.util.tracker.ServiceTracker.open(ServiceTracker.java:324)
	at org.osgi.util.tracker.ServiceTracker.open(ServiceTracker.java:267)
	at org.eclipse.core.resources.ResourcesPlugin.start(ResourcesPlugin.java:565)
	at org.eclipse.osgi.internal.framework.BundleContextImpl$2.run(BundleContextImpl.java:833)
	at org.eclipse.osgi.internal.framework.BundleContextImpl$2.run(BundleContextImpl.java:1)
	at java.base/java.security.AccessController.doPrivileged(AccessController.java:571)
	at org.eclipse.osgi.internal.framework.BundleContextImpl.startActivator(BundleContextImpl.java:825)
	... 54 more
Root exception:
java.lang.NoClassDefFoundError: org/eclipse/jdt/core/WorkingCopyOwner
	at java.base/java.lang.Class.getDeclaredConstructors0(Native Method)
	at java.base/java.lang.Class.privateGetDeclaredConstructors(Class.java:3549)
	at java.base/java.lang.Class.getConstructor0(Class.java:3754)
	at java.base/java.lang.Class.getConstructor(Class.java:2442)
	at org.eclipse.osgi.internal.framework.BundleContextImpl.loadBundleActivator(BundleContextImpl.java:815)
	at org.eclipse.osgi.internal.framework.BundleContextImpl.start(BundleContextImpl.java:761)
	at org.eclipse.osgi.internal.framework.EquinoxBundle.startWorker0(EquinoxBundle.java:1057)
	at org.eclipse.osgi.internal.framework.EquinoxBundle$EquinoxModule.startWorker(EquinoxBundle.java:387)
	at org.eclipse.osgi.container.Module.doStart(Module.java:639)
	at org.eclipse.osgi.container.Module.start(Module.java:498)
	at org.eclipse.osgi.container.ModuleContainer$ContainerStartLevel$2.run(ModuleContainer.java:2074)
	at org.eclipse.osgi.internal.framework.EquinoxContainerAdaptor$1$1.execute(EquinoxContainerAdaptor.java:143)
	at org.eclipse.osgi.container.ModuleContainer$ContainerStartLevel.incStartLevel(ModuleContainer.java:2065)
	at org.eclipse.osgi.container.ModuleContainer$ContainerStartLevel.incStartLevel(ModuleContainer.java:2007)
	at org.eclipse.osgi.container.ModuleContainer$ContainerStartLevel.doContainerStartLevel(ModuleContainer.java:1968)
	at org.eclipse.osgi.container.ModuleContainer$ContainerStartLevel.dispatchEvent(ModuleContainer.java:1884)
	at org.eclipse.osgi.container.ModuleContainer$ContainerStartLevel.dispatchEvent(ModuleContainer.java:1)
	at org.eclipse.osgi.framework.eventmgr.EventManager.dispatchEvent(EventManager.java:230)
	at org.eclipse.osgi.framework.eventmgr.EventManager$EventThread.run(EventManager.java:341)
Caused by: java.lang.ClassNotFoundException: An error occurred while automatically activating bundle org.eclipse.jdt.core (48).
	at org.eclipse.osgi.internal.hooks.EclipseLazyStarter.postFindLocalClass(EclipseLazyStarter.java:134)
	at org.eclipse.osgi.internal.loader.classpath.ClasspathManager.findLocalClass(ClasspathManager.java:620)
	at org.eclipse.osgi.internal.loader.ModuleClassLoader.findLocalClass(ModuleClassLoader.java:348)
	at org.eclipse.osgi.internal.loader.BundleLoader.findLocalClass(BundleLoader.java:414)
	at org.eclipse.osgi.internal.loader.sources.SingleSourcePackage.loadClass(SingleSourcePackage.java:41)
	at org.eclipse.osgi.internal.loader.BundleLoader.findClass0(BundleLoader.java:516)
	at org.eclipse.osgi.internal.loader.BundleLoader.findClass(BundleLoader.java:434)
	at org.eclipse.osgi.internal.loader.ModuleClassLoader.loadClass(ModuleClassLoader.java:174)
	at java.base/java.lang.ClassLoader.loadClass(ClassLoader.java:526)
	... 19 more
Caused by: org.osgi.framework.BundleException: Error starting module. osgi.identity; type="osgi.bundle"; version:Version="3.39.0.v20240807-1632"; osgi.identity="org.eclipse.jdt.core"; singleton:="true" [id=48]
	at org.eclipse.osgi.container.Module.doStart(Module.java:648)
	at org.eclipse.osgi.container.Module.start(Module.java:498)
	at org.eclipse.osgi.framework.util.SecureAction.start(SecureAction.java:528)
	at org.eclipse.osgi.internal.hooks.EclipseLazyStarter.postFindLocalClass(EclipseLazyStarter.java:122)
	... 27 more
Caused by: java.lang.NoClassDefFoundError: org/eclipse/core/resources/IWorkspaceRunnable
	at java.base/java.lang.Class.getDeclaredConstructors0(Native Method)
	at java.base/java.lang.Class.privateGetDeclaredConstructors(Class.java:3549)
	at java.base/java.lang.Class.getConstructor0(Class.java:3754)
	at java.base/java.lang.Class.getConstructor(Class.java:2442)
	at org.eclipse.osgi.internal.framework.BundleContextImpl.loadBundleActivator(BundleContextImpl.java:815)
	at org.eclipse.osgi.internal.framework.BundleContextImpl.start(BundleContextImpl.java:761)
	at org.eclipse.osgi.internal.framework.EquinoxBundle.startWorker0(EquinoxBundle.java:1057)
	at org.eclipse.osgi.internal.framework.EquinoxBundle$EquinoxModule.startWorker(EquinoxBundle.java:387)
	at org.eclipse.osgi.container.Module.doStart(Module.java:639)
	... 30 more
Caused by: java.lang.ClassNotFoundException: An error occurred while automatically activating bundle org.eclipse.core.resources (29).
	at org.eclipse.osgi.internal.hooks.EclipseLazyStarter.postFindLocalClass(EclipseLazyStarter.java:134)
	at org.eclipse.osgi.internal.loader.classpath.ClasspathManager.findLocalClass(ClasspathManager.java:620)
	at org.eclipse.osgi.internal.loader.ModuleClassLoader.findLocalClass(ModuleClassLoader.java:348)
	at org.eclipse.osgi.internal.loader.BundleLoader.findLocalClass(BundleLoader.java:414)
	at org.eclipse.osgi.internal.loader.sources.SingleSourcePackage.loadClass(SingleSourcePackage.java:41)
	at org.eclipse.osgi.internal.loader.BundleLoader.findClass0(BundleLoader.java:516)
	at org.eclipse.osgi.internal.loader.BundleLoader.findClass(BundleLoader.java:434)
	at org.eclipse.osgi.internal.loader.ModuleClassLoader.loadClass(ModuleClassLoader.java:174)
	at java.base/java.lang.ClassLoader.loadClass(ClassLoader.java:526)
	... 39 more
Caused by: org.osgi.framework.BundleException: Exception in org.eclipse.core.resources.ResourcesPlugin.start() of bundle org.eclipse.core.resources.
	at org.eclipse.osgi.internal.framework.BundleContextImpl.startActivator(BundleContextImpl.java:854)
	at org.eclipse.osgi.internal.framework.BundleContextImpl.start(BundleContextImpl.java:775)
	at org.eclipse.osgi.internal.framework.EquinoxBundle.startWorker0(EquinoxBundle.java:1057)
	at org.eclipse.osgi.internal.framework.EquinoxBundle$EquinoxModule.startWorker(EquinoxBundle.java:387)
	at org.eclipse.osgi.container.Module.doStart(Module.java:639)
	at org.eclipse.osgi.container.Module.start(Module.java:498)
	at org.eclipse.osgi.framework.util.SecureAction.start(SecureAction.java:528)
	at org.eclipse.osgi.internal.hooks.EclipseLazyStarter.postFindLocalClass(EclipseLazyStarter.java:122)
	... 47 more
Caused by: java.lang.IllegalStateException: The platform metadata area could not be written: /path/to/your/workspace/.metadata.  By default the platform writes its content
under the current working directory when the platform is launched.  Use the -data parameter to
specify a different content area for the platform.
	at org.eclipse.core.internal.runtime.DataArea.assertLocationInitialized(DataArea.java:76)
	at org.eclipse.core.internal.runtime.DataArea.getStateLocation(DataArea.java:141)
	at org.eclipse.core.internal.runtime.InternalPlatform.getStateLocation(InternalPlatform.java:544)
	at org.eclipse.core.runtime.Plugin.getStateLocation(Plugin.java:275)
	at org.eclipse.core.internal.resources.LocalMetaArea.<init>(LocalMetaArea.java:75)
	at org.eclipse.core.internal.resources.Workspace.<init>(Workspace.java:371)
	at org.eclipse.core.resources.ResourcesPlugin$WorkspaceInitCustomizer.addingService(ResourcesPlugin.java:588)
	at org.eclipse.core.resources.ResourcesPlugin$WorkspaceInitCustomizer.addingService(ResourcesPlugin.java:1)
	at org.osgi.util.tracker.ServiceTracker$Tracked.customizerAdding(ServiceTracker.java:947)
	at org.osgi.util.tracker.ServiceTracker$Tracked.customizerAdding(ServiceTracker.java:1)
	at org.osgi.util.tracker.AbstractTracked.trackAdding(AbstractTracked.java:257)
	at org.osgi.util.tracker.AbstractTracked.trackInitial(AbstractTracked.java:184)
	at org.osgi.util.tracker.ServiceTracker.open(ServiceTracker.java:324)
	at org.osgi.util.tracker.ServiceTracker.open(ServiceTracker.java:267)
	at org.eclipse.core.resources.ResourcesPlugin.start(ResourcesPlugin.java:565)
	at org.eclipse.osgi.internal.framework.BundleContextImpl$2.run(BundleContextImpl.java:833)
	at org.eclipse.osgi.internal.framework.BundleContextImpl$2.run(BundleContextImpl.java:1)
	at java.base/java.security.AccessController.doPrivileged(AccessController.java:571)
	at org.eclipse.osgi.internal.framework.BundleContextImpl.startActivator(BundleContextImpl.java:825)
	... 54 more

!ENTRY org.eclipse.osgi 4 0 2024-12-18 22:55:08.235
!MESSAGE Bundle org.eclipse.jdt.ls.core_1.39.0.202408291433 [55] is not active.

!ENTRY org.eclipse.osgi 4 0 2024-12-18 22:55:08.241
!MESSAGE An error occurred while automatically activating bundle org.eclipse.jdt.ls.core (55).
!STACK 0
org.osgi.framework.BundleException: Error starting module. osgi.identity; type="osgi.bundle"; version:Version="1.39.0.202408291433"; osgi.identity="org.eclipse.jdt.ls.core"; singleton:="true" [id=55]
	at org.eclipse.osgi.container.Module.doStart(Module.java:648)
	at org.eclipse.osgi.container.Module.start(Module.java:498)
	at org.eclipse.osgi.framework.util.SecureAction.start(SecureAction.java:528)
	at org.eclipse.osgi.internal.hooks.EclipseLazyStarter.postFindLocalClass(EclipseLazyStarter.java:122)
	at org.eclipse.osgi.internal.loader.classpath.ClasspathManager.findLocalClass(ClasspathManager.java:620)
	at org.eclipse.osgi.internal.loader.ModuleClassLoader.findLocalClass(ModuleClassLoader.java:348)
	at org.eclipse.osgi.internal.loader.BundleLoader.findLocalClass(BundleLoader.java:414)
	at org.eclipse.osgi.internal.loader.BundleLoader.findClass0(BundleLoader.java:520)
	at org.eclipse.osgi.internal.loader.BundleLoader.findClass(BundleLoader.java:434)
	at org.eclipse.osgi.internal.loader.ModuleClassLoader.loadClass(ModuleClassLoader.java:174)
	at java.base/java.lang.ClassLoader.loadClass(ClassLoader.java:526)
	at org.eclipse.osgi.internal.framework.EquinoxBundle.loadClass(EquinoxBundle.java:643)
	at org.eclipse.core.internal.registry.osgi.RegistryStrategyOSGI.createExecutableExtension(RegistryStrategyOSGI.java:223)
	at org.eclipse.core.internal.registry.ExtensionRegistry.createExecutableExtension(ExtensionRegistry.java:987)
	at org.eclipse.core.internal.registry.ConfigurationElement.createExecutableExtension(ConfigurationElement.java:275)
	at org.eclipse.core.internal.registry.ConfigurationElementHandle.createExecutableExtension(ConfigurationElementHandle.java:65)
	at org.eclipse.equinox.internal.app.EclipseAppHandle.run(EclipseAppHandle.java:203)
	at org.eclipse.core.runtime.internal.adaptor.EclipseAppLauncher.runApplication(EclipseAppLauncher.java:143)
	at org.eclipse.core.runtime.internal.adaptor.EclipseAppLauncher.start(EclipseAppLauncher.java:109)
	at org.eclipse.core.runtime.adaptor.EclipseStarter.run(EclipseStarter.java:439)
	at org.eclipse.core.runtime.adaptor.EclipseStarter.run(EclipseStarter.java:271)
	at java.base/jdk.internal.reflect.DirectMethodHandleAccessor.invoke(DirectMethodHandleAccessor.java:103)
	at java.base/java.lang.reflect.Method.invoke(Method.java:580)
	at org.eclipse.equinox.launcher.Main.invokeFramework(Main.java:668)
	at org.eclipse.equinox.launcher.Main.basicRun(Main.java:605)
	at org.eclipse.equinox.launcher.Main.run(Main.java:1481)
	at org.eclipse.equinox.launcher.Main.main(Main.java:1454)
Caused by: java.lang.NoClassDefFoundError: org/eclipse/jdt/core/WorkingCopyOwner
	at java.base/java.lang.Class.getDeclaredConstructors0(Native Method)
	at java.base/java.lang.Class.privateGetDeclaredConstructors(Class.java:3549)
	at java.base/java.lang.Class.getConstructor0(Class.java:3754)
	at java.base/java.lang.Class.getConstructor(Class.java:2442)
	at org.eclipse.osgi.internal.framework.BundleContextImpl.loadBundleActivator(BundleContextImpl.java:815)
	at org.eclipse.osgi.internal.framework.BundleContextImpl.start(BundleContextImpl.java:761)
	at org.eclipse.osgi.internal.framework.EquinoxBundle.startWorker0(EquinoxBundle.java:1057)
	at org.eclipse.osgi.internal.framework.EquinoxBundle$EquinoxModule.startWorker(EquinoxBundle.java:387)
	at org.eclipse.osgi.container.Module.doStart(Module.java:639)
	... 26 more
Caused by: java.lang.ClassNotFoundException: An error occurred while automatically activating bundle org.eclipse.jdt.core (48).
	at org.eclipse.osgi.internal.hooks.EclipseLazyStarter.postFindLocalClass(EclipseLazyStarter.java:134)
	at org.eclipse.osgi.internal.loader.classpath.ClasspathManager.findLocalClass(ClasspathManager.java:620)
	at org.eclipse.osgi.internal.loader.ModuleClassLoader.findLocalClass(ModuleClassLoader.java:348)
	at org.eclipse.osgi.internal.loader.BundleLoader.findLocalClass(BundleLoader.java:414)
	at org.eclipse.osgi.internal.loader.sources.SingleSourcePackage.loadClass(SingleSourcePackage.java:41)
	at org.eclipse.osgi.internal.loader.BundleLoader.findClass0(BundleLoader.java:516)
	at org.eclipse.osgi.internal.loader.BundleLoader.findClass(BundleLoader.java:434)
	at org.eclipse.osgi.internal.loader.ModuleClassLoader.loadClass(ModuleClassLoader.java:174)
	at java.base/java.lang.ClassLoader.loadClass(ClassLoader.java:526)
	at java.base/java.lang.Class.getDeclaredConstructors0(Native Method)
	at java.base/java.lang.Class.privateGetDeclaredConstructors(Class.java:3549)
	at java.base/java.lang.Class.getConstructor0(Class.java:3754)
	at java.base/java.lang.Class.getConstructor(Class.java:2442)
	at org.eclipse.osgi.internal.framework.BundleContextImpl.loadBundleActivator(BundleContextImpl.java:815)
	at org.eclipse.osgi.internal.framework.BundleContextImpl.start(BundleContextImpl.java:761)
	at org.eclipse.osgi.internal.framework.EquinoxBundle.startWorker0(EquinoxBundle.java:1057)
	at org.eclipse.osgi.internal.framework.EquinoxBundle$EquinoxModule.startWorker(EquinoxBundle.java:387)
	at org.eclipse.osgi.container.Module.doStart(Module.java:639)
	at org.eclipse.osgi.container.Module.start(Module.java:498)
	at org.eclipse.osgi.container.ModuleContainer$ContainerStartLevel$2.run(ModuleContainer.java:2074)
	at org.eclipse.osgi.internal.framework.EquinoxContainerAdaptor$1$1.execute(EquinoxContainerAdaptor.java:143)
	at org.eclipse.osgi.container.ModuleContainer$ContainerStartLevel.incStartLevel(ModuleContainer.java:2065)
	at org.eclipse.osgi.container.ModuleContainer$ContainerStartLevel.incStartLevel(ModuleContainer.java:2007)
	at org.eclipse.osgi.container.ModuleContainer$ContainerStartLevel.doContainerStartLevel(ModuleContainer.java:1968)
	at org.eclipse.osgi.container.ModuleContainer$ContainerStartLevel.dispatchEvent(ModuleContainer.java:1884)
	at org.eclipse.osgi.container.ModuleContainer$ContainerStartLevel.dispatchEvent(ModuleContainer.java:1)
	at org.eclipse.osgi.framework.eventmgr.EventManager.dispatchEvent(EventManager.java:230)
	at org.eclipse.osgi.framework.eventmgr.EventManager$EventThread.run(EventManager.java:341)
Caused by: org.osgi.framework.BundleException: Error starting module. osgi.identity; type="osgi.bundle"; version:Version="3.39.0.v20240807-1632"; osgi.identity="org.eclipse.jdt.core"; singleton:="true" [id=48]
	at org.eclipse.osgi.container.Module.doStart(Module.java:648)
	at org.eclipse.osgi.container.Module.start(Module.java:498)
	at org.eclipse.osgi.framework.util.SecureAction.start(SecureAction.java:528)
	at org.eclipse.osgi.internal.hooks.EclipseLazyStarter.postFindLocalClass(EclipseLazyStarter.java:122)
	... 27 more
Caused by: java.lang.NoClassDefFoundError: org/eclipse/core/resources/IWorkspaceRunnable
	at java.base/java.lang.Class.getDeclaredConstructors0(Native Method)
	at java.base/java.lang.Class.privateGetDeclaredConstructors(Class.java:3549)
	at java.base/java.lang.Class.getConstructor0(Class.java:3754)
	at java.base/java.lang.Class.getConstructor(Class.java:2442)
	at org.eclipse.osgi.internal.framework.BundleContextImpl.loadBundleActivator(BundleContextImpl.java:815)
	at org.eclipse.osgi.internal.framework.BundleContextImpl.start(BundleContextImpl.java:761)
	at org.eclipse.osgi.internal.framework.EquinoxBundle.startWorker0(EquinoxBundle.java:1057)
	at org.eclipse.osgi.internal.framework.EquinoxBundle$EquinoxModule.startWorker(EquinoxBundle.java:387)
	at org.eclipse.osgi.container.Module.doStart(Module.java:639)
	... 30 more
Caused by: java.lang.ClassNotFoundException: An error occurred while automatically activating bundle org.eclipse.core.resources (29).
	at org.eclipse.osgi.internal.hooks.EclipseLazyStarter.postFindLocalClass(EclipseLazyStarter.java:134)
	at org.eclipse.osgi.internal.loader.classpath.ClasspathManager.findLocalClass(ClasspathManager.java:620)
	at org.eclipse.osgi.internal.loader.ModuleClassLoader.findLocalClass(ModuleClassLoader.java:348)
	at org.eclipse.osgi.internal.loader.BundleLoader.findLocalClass(BundleLoader.java:414)
	at org.eclipse.osgi.internal.loader.sources.SingleSourcePackage.loadClass(SingleSourcePackage.java:41)
	at org.eclipse.osgi.internal.loader.BundleLoader.findClass0(BundleLoader.java:516)
	at org.eclipse.osgi.internal.loader.BundleLoader.findClass(BundleLoader.java:434)
	at org.eclipse.osgi.internal.loader.ModuleClassLoader.loadClass(ModuleClassLoader.java:174)
	at java.base/java.lang.ClassLoader.loadClass(ClassLoader.java:526)
	... 39 more
Caused by: org.osgi.framework.BundleException: Exception in org.eclipse.core.resources.ResourcesPlugin.start() of bundle org.eclipse.core.resources.
	at org.eclipse.osgi.internal.framework.BundleContextImpl.startActivator(BundleContextImpl.java:854)
	at org.eclipse.osgi.internal.framework.BundleContextImpl.start(BundleContextImpl.java:775)
	at org.eclipse.osgi.internal.framework.EquinoxBundle.startWorker0(EquinoxBundle.java:1057)
	at org.eclipse.osgi.internal.framework.EquinoxBundle$EquinoxModule.startWorker(EquinoxBundle.java:387)
	at org.eclipse.osgi.container.Module.doStart(Module.java:639)
	at org.eclipse.osgi.container.Module.start(Module.java:498)
	at org.eclipse.osgi.framework.util.SecureAction.start(SecureAction.java:528)
	at org.eclipse.osgi.internal.hooks.EclipseLazyStarter.postFindLocalClass(EclipseLazyStarter.java:122)
	... 47 more
Caused by: java.lang.IllegalStateException: The platform metadata area could not be written: /path/to/your/workspace/.metadata.  By default the platform writes its content
under the current working directory when the platform is launched.  Use the -data parameter to
specify a different content area for the platform.
	at org.eclipse.core.internal.runtime.DataArea.assertLocationInitialized(DataArea.java:76)
	at org.eclipse.core.internal.runtime.DataArea.getStateLocation(DataArea.java:141)
	at org.eclipse.core.internal.runtime.InternalPlatform.getStateLocation(InternalPlatform.java:544)
	at org.eclipse.core.runtime.Plugin.getStateLocation(Plugin.java:275)
	at org.eclipse.core.internal.resources.LocalMetaArea.<init>(LocalMetaArea.java:75)
	at org.eclipse.core.internal.resources.Workspace.<init>(Workspace.java:371)
	at org.eclipse.core.resources.ResourcesPlugin$WorkspaceInitCustomizer.addingService(ResourcesPlugin.java:588)
	at org.eclipse.core.resources.ResourcesPlugin$WorkspaceInitCustomizer.addingService(ResourcesPlugin.java:1)
	at org.osgi.util.tracker.ServiceTracker$Tracked.customizerAdding(ServiceTracker.java:947)
	at org.osgi.util.tracker.ServiceTracker$Tracked.customizerAdding(ServiceTracker.java:1)
	at org.osgi.util.tracker.AbstractTracked.trackAdding(AbstractTracked.java:257)
	at org.osgi.util.tracker.AbstractTracked.trackInitial(AbstractTracked.java:184)
	at org.osgi.util.tracker.ServiceTracker.open(ServiceTracker.java:324)
	at org.osgi.util.tracker.ServiceTracker.open(ServiceTracker.java:267)
	at org.eclipse.core.resources.ResourcesPlugin.start(ResourcesPlugin.java:565)
	at org.eclipse.osgi.internal.framework.BundleContextImpl$2.run(BundleContextImpl.java:833)
	at org.eclipse.osgi.internal.framework.BundleContextImpl$2.run(BundleContextImpl.java:1)
	at java.base/java.security.AccessController.doPrivileged(AccessController.java:571)
	at org.eclipse.osgi.internal.framework.BundleContextImpl.startActivator(BundleContextImpl.java:825)
	... 54 more
Root exception:
java.lang.NoClassDefFoundError: org/eclipse/jdt/core/WorkingCopyOwner
	at java.base/java.lang.Class.getDeclaredConstructors0(Native Method)
	at java.base/java.lang.Class.privateGetDeclaredConstructors(Class.java:3549)
	at java.base/java.lang.Class.getConstructor0(Class.java:3754)
	at java.base/java.lang.Class.getConstructor(Class.java:2442)
	at org.eclipse.osgi.internal.framework.BundleContextImpl.loadBundleActivator(BundleContextImpl.java:815)
	at org.eclipse.osgi.internal.framework.BundleContextImpl.start(BundleContextImpl.java:761)
	at org.eclipse.osgi.internal.framework.EquinoxBundle.startWorker0(EquinoxBundle.java:1057)
	at org.eclipse.osgi.internal.framework.EquinoxBundle$EquinoxModule.startWorker(EquinoxBundle.java:387)
	at org.eclipse.osgi.container.Module.doStart(Module.java:639)
	at org.eclipse.osgi.container.Module.start(Module.java:498)
	at org.eclipse.osgi.framework.util.SecureAction.start(SecureAction.java:528)
	at org.eclipse.osgi.internal.hooks.EclipseLazyStarter.postFindLocalClass(EclipseLazyStarter.java:122)
	at org.eclipse.osgi.internal.loader.classpath.ClasspathManager.findLocalClass(ClasspathManager.java:620)
	at org.eclipse.osgi.internal.loader.ModuleClassLoader.findLocalClass(ModuleClassLoader.java:348)
	at org.eclipse.osgi.internal.loader.BundleLoader.findLocalClass(BundleLoader.java:414)
	at org.eclipse.osgi.internal.loader.BundleLoader.findClass0(BundleLoader.java:520)
	at org.eclipse.osgi.internal.loader.BundleLoader.findClass(BundleLoader.java:434)
	at org.eclipse.osgi.internal.loader.ModuleClassLoader.loadClass(ModuleClassLoader.java:174)
	at java.base/java.lang.ClassLoader.loadClass(ClassLoader.java:526)
	at org.eclipse.osgi.internal.framework.EquinoxBundle.loadClass(EquinoxBundle.java:643)
	at org.eclipse.core.internal.registry.osgi.RegistryStrategyOSGI.createExecutableExtension(RegistryStrategyOSGI.java:223)
	at org.eclipse.core.internal.registry.ExtensionRegistry.createExecutableExtension(ExtensionRegistry.java:987)
	at org.eclipse.core.internal.registry.ConfigurationElement.createExecutableExtension(ConfigurationElement.java:275)
	at org.eclipse.core.internal.registry.ConfigurationElementHandle.createExecutableExtension(ConfigurationElementHandle.java:65)
	at org.eclipse.equinox.internal.app.EclipseAppHandle.run(EclipseAppHandle.java:203)
	at org.eclipse.core.runtime.internal.adaptor.EclipseAppLauncher.runApplication(EclipseAppLauncher.java:143)
	at org.eclipse.core.runtime.internal.adaptor.EclipseAppLauncher.start(EclipseAppLauncher.java:109)
	at org.eclipse.core.runtime.adaptor.EclipseStarter.run(EclipseStarter.java:439)
	at org.eclipse.core.runtime.adaptor.EclipseStarter.run(EclipseStarter.java:271)
	at java.base/jdk.internal.reflect.DirectMethodHandleAccessor.invoke(DirectMethodHandleAccessor.java:103)
	at java.base/java.lang.reflect.Method.invoke(Method.java:580)
	at org.eclipse.equinox.launcher.Main.invokeFramework(Main.java:668)
	at org.eclipse.equinox.launcher.Main.basicRun(Main.java:605)
	at org.eclipse.equinox.launcher.Main.run(Main.java:1481)
	at org.eclipse.equinox.launcher.Main.main(Main.java:1454)
Caused by: java.lang.ClassNotFoundException: An error occurred while automatically activating bundle org.eclipse.jdt.core (48).
	at org.eclipse.osgi.internal.hooks.EclipseLazyStarter.postFindLocalClass(EclipseLazyStarter.java:134)
	at org.eclipse.osgi.internal.loader.classpath.ClasspathManager.findLocalClass(ClasspathManager.java:620)
	at org.eclipse.osgi.internal.loader.ModuleClassLoader.findLocalClass(ModuleClassLoader.java:348)
	at org.eclipse.osgi.internal.loader.BundleLoader.findLocalClass(BundleLoader.java:414)
	at org.eclipse.osgi.internal.loader.sources.SingleSourcePackage.loadClass(SingleSourcePackage.java:41)
	at org.eclipse.osgi.internal.loader.BundleLoader.findClass0(BundleLoader.java:516)
	at org.eclipse.osgi.internal.loader.BundleLoader.findClass(BundleLoader.java:434)
	at org.eclipse.osgi.internal.loader.ModuleClassLoader.loadClass(ModuleClassLoader.java:174)
	at java.base/java.lang.ClassLoader.loadClass(ClassLoader.java:526)
	at java.base/java.lang.Class.getDeclaredConstructors0(Native Method)
	at java.base/java.lang.Class.privateGetDeclaredConstructors(Class.java:3549)
	at java.base/java.lang.Class.getConstructor0(Class.java:3754)
	at java.base/java.lang.Class.getConstructor(Class.java:2442)
	at org.eclipse.osgi.internal.framework.BundleContextImpl.loadBundleActivator(BundleContextImpl.java:815)
	at org.eclipse.osgi.internal.framework.BundleContextImpl.start(BundleContextImpl.java:761)
	at org.eclipse.osgi.internal.framework.EquinoxBundle.startWorker0(EquinoxBundle.java:1057)
	at org.eclipse.osgi.internal.framework.EquinoxBundle$EquinoxModule.startWorker(EquinoxBundle.java:387)
	at org.eclipse.osgi.container.Module.doStart(Module.java:639)
	at org.eclipse.osgi.container.Module.start(Module.java:498)
	at org.eclipse.osgi.container.ModuleContainer$ContainerStartLevel$2.run(ModuleContainer.java:2074)
	at org.eclipse.osgi.internal.framework.EquinoxContainerAdaptor$1$1.execute(EquinoxContainerAdaptor.java:143)
	at org.eclipse.osgi.container.ModuleContainer$ContainerStartLevel.incStartLevel(ModuleContainer.java:2065)
	at org.eclipse.osgi.container.ModuleContainer$ContainerStartLevel.incStartLevel(ModuleContainer.java:2007)
	at org.eclipse.osgi.container.ModuleContainer$ContainerStartLevel.doContainerStartLevel(ModuleContainer.java:1968)
	at org.eclipse.osgi.container.ModuleContainer$ContainerStartLevel.dispatchEvent(ModuleContainer.java:1884)
	at org.eclipse.osgi.container.ModuleContainer$ContainerStartLevel.dispatchEvent(ModuleContainer.java:1)
	at org.eclipse.osgi.framework.eventmgr.EventManager.dispatchEvent(EventManager.java:230)
	at org.eclipse.osgi.framework.eventmgr.EventManager$EventThread.run(EventManager.java:341)
Caused by: org.osgi.framework.BundleException: Error starting module. osgi.identity; type="osgi.bundle"; version:Version="3.39.0.v20240807-1632"; osgi.identity="org.eclipse.jdt.core"; singleton:="true" [id=48]
	at org.eclipse.osgi.container.Module.doStart(Module.java:648)
	at org.eclipse.osgi.container.Module.start(Module.java:498)
	at org.eclipse.osgi.framework.util.SecureAction.start(SecureAction.java:528)
	at org.eclipse.osgi.internal.hooks.EclipseLazyStarter.postFindLocalClass(EclipseLazyStarter.java:122)
	... 27 more
Caused by: java.lang.NoClassDefFoundError: org/eclipse/core/resources/IWorkspaceRunnable
	at java.base/java.lang.Class.getDeclaredConstructors0(Native Method)
	at java.base/java.lang.Class.privateGetDeclaredConstructors(Class.java:3549)
	at java.base/java.lang.Class.getConstructor0(Class.java:3754)
	at java.base/java.lang.Class.getConstructor(Class.java:2442)
	at org.eclipse.osgi.internal.framework.BundleContextImpl.loadBundleActivator(BundleContextImpl.java:815)
	at org.eclipse.osgi.internal.framework.BundleContextImpl.start(BundleContextImpl.java:761)
	at org.eclipse.osgi.internal.framework.EquinoxBundle.startWorker0(EquinoxBundle.java:1057)
	at org.eclipse.osgi.internal.framework.EquinoxBundle$EquinoxModule.startWorker(EquinoxBundle.java:387)
	at org.eclipse.osgi.container.Module.doStart(Module.java:639)
	... 30 more
Caused by: java.lang.ClassNotFoundException: An error occurred while automatically activating bundle org.eclipse.core.resources (29).
	at org.eclipse.osgi.internal.hooks.EclipseLazyStarter.postFindLocalClass(EclipseLazyStarter.java:134)
	at org.eclipse.osgi.internal.loader.classpath.ClasspathManager.findLocalClass(ClasspathManager.java:620)
	at org.eclipse.osgi.internal.loader.ModuleClassLoader.findLocalClass(ModuleClassLoader.java:348)
	at org.eclipse.osgi.internal.loader.BundleLoader.findLocalClass(BundleLoader.java:414)
	at org.eclipse.osgi.internal.loader.sources.SingleSourcePackage.loadClass(SingleSourcePackage.java:41)
	at org.eclipse.osgi.internal.loader.BundleLoader.findClass0(BundleLoader.java:516)
	at org.eclipse.osgi.internal.loader.BundleLoader.findClass(BundleLoader.java:434)
	at org.eclipse.osgi.internal.loader.ModuleClassLoader.loadClass(ModuleClassLoader.java:174)
	at java.base/java.lang.ClassLoader.loadClass(ClassLoader.java:526)
	... 39 more
Caused by: org.osgi.framework.BundleException: Exception in org.eclipse.core.resources.ResourcesPlugin.start() of bundle org.eclipse.core.resources.
	at org.eclipse.osgi.internal.framework.BundleContextImpl.startActivator(BundleContextImpl.java:854)
	at org.eclipse.osgi.internal.framework.BundleContextImpl.start(BundleContextImpl.java:775)
	at org.eclipse.osgi.internal.framework.EquinoxBundle.startWorker0(EquinoxBundle.java:1057)
	at org.eclipse.osgi.internal.framework.EquinoxBundle$EquinoxModule.startWorker(EquinoxBundle.java:387)
	at org.eclipse.osgi.container.Module.doStart(Module.java:639)
	at org.eclipse.osgi.container.Module.start(Module.java:498)
	at org.eclipse.osgi.framework.util.SecureAction.start(SecureAction.java:528)
	at org.eclipse.osgi.internal.hooks.EclipseLazyStarter.postFindLocalClass(EclipseLazyStarter.java:122)
	... 47 more
Caused by: java.lang.IllegalStateException: The platform metadata area could not be written: /path/to/your/workspace/.metadata.  By default the platform writes its content
under the current working directory when the platform is launched.  Use the -data parameter to
specify a different content area for the platform.
	at org.eclipse.core.internal.runtime.DataArea.assertLocationInitialized(DataArea.java:76)
	at org.eclipse.core.internal.runtime.DataArea.getStateLocation(DataArea.java:141)
	at org.eclipse.core.internal.runtime.InternalPlatform.getStateLocation(InternalPlatform.java:544)
	at org.eclipse.core.runtime.Plugin.getStateLocation(Plugin.java:275)
	at org.eclipse.core.internal.resources.LocalMetaArea.<init>(LocalMetaArea.java:75)
	at org.eclipse.core.internal.resources.Workspace.<init>(Workspace.java:371)
	at org.eclipse.core.resources.ResourcesPlugin$WorkspaceInitCustomizer.addingService(ResourcesPlugin.java:588)
	at org.eclipse.core.resources.ResourcesPlugin$WorkspaceInitCustomizer.addingService(ResourcesPlugin.java:1)
	at org.osgi.util.tracker.ServiceTracker$Tracked.customizerAdding(ServiceTracker.java:947)
	at org.osgi.util.tracker.ServiceTracker$Tracked.customizerAdding(ServiceTracker.java:1)
	at org.osgi.util.tracker.AbstractTracked.trackAdding(AbstractTracked.java:257)
	at org.osgi.util.tracker.AbstractTracked.trackInitial(AbstractTracked.java:184)
	at org.osgi.util.tracker.ServiceTracker.open(ServiceTracker.java:324)
	at org.osgi.util.tracker.ServiceTracker.open(ServiceTracker.java:267)
	at org.eclipse.core.resources.ResourcesPlugin.start(ResourcesPlugin.java:565)
	at org.eclipse.osgi.internal.framework.BundleContextImpl$2.run(BundleContextImpl.java:833)
	at org.eclipse.osgi.internal.framework.BundleContextImpl$2.run(BundleContextImpl.java:1)
	at java.base/java.security.AccessController.doPrivileged(AccessController.java:571)
	at org.eclipse.osgi.internal.framework.BundleContextImpl.startActivator(BundleContextImpl.java:825)
	... 54 more

!ENTRY org.eclipse.osgi 4 0 2024-12-18 22:55:08.263
!MESSAGE Application error
!STACK 1
org.eclipse.core.runtime.CoreException: Plug-in org.eclipse.jdt.ls.core was unable to load class org.eclipse.jdt.ls.core.internal.LanguageServerApplication.
	at org.eclipse.core.internal.registry.osgi.RegistryStrategyOSGI.throwException(RegistryStrategyOSGI.java:242)
	at org.eclipse.core.internal.registry.osgi.RegistryStrategyOSGI.createExecutableExtension(RegistryStrategyOSGI.java:225)
	at org.eclipse.core.internal.registry.ExtensionRegistry.createExecutableExtension(ExtensionRegistry.java:987)
	at org.eclipse.core.internal.registry.ConfigurationElement.createExecutableExtension(ConfigurationElement.java:275)
	at org.eclipse.core.internal.registry.ConfigurationElementHandle.createExecutableExtension(ConfigurationElementHandle.java:65)
	at org.eclipse.equinox.internal.app.EclipseAppHandle.run(EclipseAppHandle.java:203)
	at org.eclipse.core.runtime.internal.adaptor.EclipseAppLauncher.runApplication(EclipseAppLauncher.java:143)
	at org.eclipse.core.runtime.internal.adaptor.EclipseAppLauncher.start(EclipseAppLauncher.java:109)
	at org.eclipse.core.runtime.adaptor.EclipseStarter.run(EclipseStarter.java:439)
	at org.eclipse.core.runtime.adaptor.EclipseStarter.run(EclipseStarter.java:271)
	at java.base/jdk.internal.reflect.DirectMethodHandleAccessor.invoke(DirectMethodHandleAccessor.java:103)
	at java.base/java.lang.reflect.Method.invoke(Method.java:580)
	at org.eclipse.equinox.launcher.Main.invokeFramework(Main.java:668)
	at org.eclipse.equinox.launcher.Main.basicRun(Main.java:605)
	at org.eclipse.equinox.launcher.Main.run(Main.java:1481)
	at org.eclipse.equinox.launcher.Main.main(Main.java:1454)
Caused by: java.lang.ClassNotFoundException: An error occurred while automatically activating bundle org.eclipse.jdt.ls.core (55).
	at org.eclipse.osgi.internal.hooks.EclipseLazyStarter.postFindLocalClass(EclipseLazyStarter.java:134)
	at org.eclipse.osgi.internal.loader.classpath.ClasspathManager.findLocalClass(ClasspathManager.java:620)
	at org.eclipse.osgi.internal.loader.ModuleClassLoader.findLocalClass(ModuleClassLoader.java:348)
	at org.eclipse.osgi.internal.loader.BundleLoader.findLocalClass(BundleLoader.java:414)
	at org.eclipse.osgi.internal.loader.BundleLoader.findClass0(BundleLoader.java:520)
	at org.eclipse.osgi.internal.loader.BundleLoader.findClass(BundleLoader.java:434)
	at org.eclipse.osgi.internal.loader.ModuleClassLoader.loadClass(ModuleClassLoader.java:174)
	at java.base/java.lang.ClassLoader.loadClass(ClassLoader.java:526)
	at org.eclipse.osgi.internal.framework.EquinoxBundle.loadClass(EquinoxBundle.java:643)
	at org.eclipse.core.internal.registry.osgi.RegistryStrategyOSGI.createExecutableExtension(RegistryStrategyOSGI.java:223)
	... 14 more
Caused by: org.osgi.framework.BundleException: Error starting module. osgi.identity; type="osgi.bundle"; version:Version="1.39.0.202408291433"; osgi.identity="org.eclipse.jdt.ls.core"; singleton:="true" [id=55]
	at org.eclipse.osgi.container.Module.doStart(Module.java:648)
	at org.eclipse.osgi.container.Module.start(Module.java:498)
	at org.eclipse.osgi.framework.util.SecureAction.start(SecureAction.java:528)
	at org.eclipse.osgi.internal.hooks.EclipseLazyStarter.postFindLocalClass(EclipseLazyStarter.java:122)
	... 23 more
Caused by: java.lang.NoClassDefFoundError: org/eclipse/jdt/core/WorkingCopyOwner
	at java.base/java.lang.Class.getDeclaredConstructors0(Native Method)
	at java.base/java.lang.Class.privateGetDeclaredConstructors(Class.java:3549)
	at java.base/java.lang.Class.getConstructor0(Class.java:3754)
	at java.base/java.lang.Class.getConstructor(Class.java:2442)
	at org.eclipse.osgi.internal.framework.BundleContextImpl.loadBundleActivator(BundleContextImpl.java:815)
	at org.eclipse.osgi.internal.framework.BundleContextImpl.start(BundleContextImpl.java:761)
	at org.eclipse.osgi.internal.framework.EquinoxBundle.startWorker0(EquinoxBundle.java:1057)
	at org.eclipse.osgi.internal.framework.EquinoxBundle$EquinoxModule.startWorker(EquinoxBundle.java:387)
	at org.eclipse.osgi.container.Module.doStart(Module.java:639)
	... 26 more
Caused by: java.lang.ClassNotFoundException: An error occurred while automatically activating bundle org.eclipse.jdt.core (48).
	at org.eclipse.osgi.internal.hooks.EclipseLazyStarter.postFindLocalClass(EclipseLazyStarter.java:134)
	at org.eclipse.osgi.internal.loader.classpath.ClasspathManager.findLocalClass(ClasspathManager.java:620)
	at org.eclipse.osgi.internal.loader.ModuleClassLoader.findLocalClass(ModuleClassLoader.java:348)
	at org.eclipse.osgi.internal.loader.BundleLoader.findLocalClass(BundleLoader.java:414)
	at org.eclipse.osgi.internal.loader.sources.SingleSourcePackage.loadClass(SingleSourcePackage.java:41)
	at org.eclipse.osgi.internal.loader.BundleLoader.findClass0(BundleLoader.java:516)
	at org.eclipse.osgi.internal.loader.BundleLoader.findClass(BundleLoader.java:434)
	at org.eclipse.osgi.internal.loader.ModuleClassLoader.loadClass(ModuleClassLoader.java:174)
	at java.base/java.lang.ClassLoader.loadClass(ClassLoader.java:526)
	at java.base/java.lang.Class.getDeclaredConstructors0(Native Method)
	at java.base/java.lang.Class.privateGetDeclaredConstructors(Class.java:3549)
	at java.base/java.lang.Class.getConstructor0(Class.java:3754)
	at java.base/java.lang.Class.getConstructor(Class.java:2442)
	at org.eclipse.osgi.internal.framework.BundleContextImpl.loadBundleActivator(BundleContextImpl.java:815)
	at org.eclipse.osgi.internal.framework.BundleContextImpl.start(BundleContextImpl.java:761)
	at org.eclipse.osgi.internal.framework.EquinoxBundle.startWorker0(EquinoxBundle.java:1057)
	at org.eclipse.osgi.internal.framework.EquinoxBundle$EquinoxModule.startWorker(EquinoxBundle.java:387)
	at org.eclipse.osgi.container.Module.doStart(Module.java:639)
	at org.eclipse.osgi.container.Module.start(Module.java:498)
	at org.eclipse.osgi.container.ModuleContainer$ContainerStartLevel$2.run(ModuleContainer.java:2074)
	at org.eclipse.osgi.internal.framework.EquinoxContainerAdaptor$1$1.execute(EquinoxContainerAdaptor.java:143)
	at org.eclipse.osgi.container.ModuleContainer$ContainerStartLevel.incStartLevel(ModuleContainer.java:2065)
	at org.eclipse.osgi.container.ModuleContainer$ContainerStartLevel.incStartLevel(ModuleContainer.java:2007)
	at org.eclipse.osgi.container.ModuleContainer$ContainerStartLevel.doContainerStartLevel(ModuleContainer.java:1968)
	at org.eclipse.osgi.container.ModuleContainer$ContainerStartLevel.dispatchEvent(ModuleContainer.java:1884)
	at org.eclipse.osgi.container.ModuleContainer$ContainerStartLevel.dispatchEvent(ModuleContainer.java:1)
	at org.eclipse.osgi.framework.eventmgr.EventManager.dispatchEvent(EventManager.java:230)
	at org.eclipse.osgi.framework.eventmgr.EventManager$EventThread.run(EventManager.java:341)
Caused by: org.osgi.framework.BundleException: Error starting module. osgi.identity; type="osgi.bundle"; version:Version="3.39.0.v20240807-1632"; osgi.identity="org.eclipse.jdt.core"; singleton:="true" [id=48]
	at org.eclipse.osgi.container.Module.doStart(Module.java:648)
	at org.eclipse.osgi.container.Module.start(Module.java:498)
	at org.eclipse.osgi.framework.util.SecureAction.start(SecureAction.java:528)
	at org.eclipse.osgi.internal.hooks.EclipseLazyStarter.postFindLocalClass(EclipseLazyStarter.java:122)
	... 27 more
Caused by: java.lang.NoClassDefFoundError: org/eclipse/core/resources/IWorkspaceRunnable
	at java.base/java.lang.Class.getDeclaredConstructors0(Native Method)
	at java.base/java.lang.Class.privateGetDeclaredConstructors(Class.java:3549)
	at java.base/java.lang.Class.getConstructor0(Class.java:3754)
	at java.base/java.lang.Class.getConstructor(Class.java:2442)
	at org.eclipse.osgi.internal.framework.BundleContextImpl.loadBundleActivator(BundleContextImpl.java:815)
	at org.eclipse.osgi.internal.framework.BundleContextImpl.start(BundleContextImpl.java:761)
	at org.eclipse.osgi.internal.framework.EquinoxBundle.startWorker0(EquinoxBundle.java:1057)
	at org.eclipse.osgi.internal.framework.EquinoxBundle$EquinoxModule.startWorker(EquinoxBundle.java:387)
	at org.eclipse.osgi.container.Module.doStart(Module.java:639)
	... 30 more
Caused by: java.lang.ClassNotFoundException: An error occurred while automatically activating bundle org.eclipse.core.resources (29).
	at org.eclipse.osgi.internal.hooks.EclipseLazyStarter.postFindLocalClass(EclipseLazyStarter.java:134)
	at org.eclipse.osgi.internal.loader.classpath.ClasspathManager.findLocalClass(ClasspathManager.java:620)
	at org.eclipse.osgi.internal.loader.ModuleClassLoader.findLocalClass(ModuleClassLoader.java:348)
	at org.eclipse.osgi.internal.loader.BundleLoader.findLocalClass(BundleLoader.java:414)
	at org.eclipse.osgi.internal.loader.sources.SingleSourcePackage.loadClass(SingleSourcePackage.java:41)
	at org.eclipse.osgi.internal.loader.BundleLoader.findClass0(BundleLoader.java:516)
	at org.eclipse.osgi.internal.loader.BundleLoader.findClass(BundleLoader.java:434)
	at org.eclipse.osgi.internal.loader.ModuleClassLoader.loadClass(ModuleClassLoader.java:174)
	at java.base/java.lang.ClassLoader.loadClass(ClassLoader.java:526)
	... 39 more
Caused by: org.osgi.framework.BundleException: Exception in org.eclipse.core.resources.ResourcesPlugin.start() of bundle org.eclipse.core.resources.
	at org.eclipse.osgi.internal.framework.BundleContextImpl.startActivator(BundleContextImpl.java:854)
	at org.eclipse.osgi.internal.framework.BundleContextImpl.start(BundleContextImpl.java:775)
	at org.eclipse.osgi.internal.framework.EquinoxBundle.startWorker0(EquinoxBundle.java:1057)
	at org.eclipse.osgi.internal.framework.EquinoxBundle$EquinoxModule.startWorker(EquinoxBundle.java:387)
	at org.eclipse.osgi.container.Module.doStart(Module.java:639)
	at org.eclipse.osgi.container.Module.start(Module.java:498)
	at org.eclipse.osgi.framework.util.SecureAction.start(SecureAction.java:528)
	at org.eclipse.osgi.internal.hooks.EclipseLazyStarter.postFindLocalClass(EclipseLazyStarter.java:122)
	... 47 more
Caused by: java.lang.IllegalStateException: The platform metadata area could not be written: /path/to/your/workspace/.metadata.  By default the platform writes its content
under the current working directory when the platform is launched.  Use the -data parameter to
specify a different content area for the platform.
	at org.eclipse.core.internal.runtime.DataArea.assertLocationInitialized(DataArea.java:76)
	at org.eclipse.core.internal.runtime.DataArea.getStateLocation(DataArea.java:141)
	at org.eclipse.core.internal.runtime.InternalPlatform.getStateLocation(InternalPlatform.java:544)
	at org.eclipse.core.runtime.Plugin.getStateLocation(Plugin.java:275)
	at org.eclipse.core.internal.resources.LocalMetaArea.<init>(LocalMetaArea.java:75)
	at org.eclipse.core.internal.resources.Workspace.<init>(Workspace.java:371)
	at org.eclipse.core.resources.ResourcesPlugin$WorkspaceInitCustomizer.addingService(ResourcesPlugin.java:588)
	at org.eclipse.core.resources.ResourcesPlugin$WorkspaceInitCustomizer.addingService(ResourcesPlugin.java:1)
	at org.osgi.util.tracker.ServiceTracker$Tracked.customizerAdding(ServiceTracker.java:947)
	at org.osgi.util.tracker.ServiceTracker$Tracked.customizerAdding(ServiceTracker.java:1)
	at org.osgi.util.tracker.AbstractTracked.trackAdding(AbstractTracked.java:257)
	at org.osgi.util.tracker.AbstractTracked.trackInitial(AbstractTracked.java:184)
	at org.osgi.util.tracker.ServiceTracker.open(ServiceTracker.java:324)
	at org.osgi.util.tracker.ServiceTracker.open(ServiceTracker.java:267)
	at org.eclipse.core.resources.ResourcesPlugin.start(ResourcesPlugin.java:565)
	at org.eclipse.osgi.internal.framework.BundleContextImpl$2.run(BundleContextImpl.java:833)
	at org.eclipse.osgi.internal.framework.BundleContextImpl$2.run(BundleContextImpl.java:1)
	at java.base/java.security.AccessController.doPrivileged(AccessController.java:571)
	at org.eclipse.osgi.internal.framework.BundleContextImpl.startActivator(BundleContextImpl.java:825)
	... 54 more
